#-----------------------------------------------------------
# Vivado v2024.2 (64-bit)
# SW Build 5239630 on Fri Nov 08 22:35:27 MST 2024
# IP Build 5239520 on Sun Nov 10 16:12:51 MST 2024
# SharedData Build 5239561 on Fri Nov 08 14:39:27 MST 2024
# Start of session at: Mon Jan 13 11:11:10 2025
# Process ID         : 17388
# Current directory  : C:/Users/aniru/OneDrive/Desktop/Verilog HDL/async_fifo_1
# Command line       : vivado.exe -gui_launcher_event rodinguilauncherevent2784 C:\Users\aniru\OneDrive\Desktop\Verilog HDL\async_fifo_1\async_fifo_1.xpr
# Log file           : C:/Users/aniru/OneDrive/Desktop/Verilog HDL/async_fifo_1/vivado.log
# Journal file       : C:/Users/aniru/OneDrive/Desktop/Verilog HDL/async_fifo_1\vivado.jou
# Running On         : LAPTOP-DAM1RJPD
# Platform           : Windows Server 2016 or Windows 10
# Operating System   : 22631
# Processor Detail   : 12th Gen Intel(R) Core(TM) i5-1235U
# CPU Frequency      : 2496 MHz
# CPU Physical cores : 10
# CPU Logical cores  : 12
# Host memory        : 8242 MB
# Swap memory        : 6442 MB
# Total Virtual      : 14684 MB
# Available Virtual  : 5578 MB
#-----------------------------------------------------------
start_gui
open_project {C:/Users/aniru/OneDrive/Desktop/Verilog HDL/async_fifo_1/async_fifo_1.xpr}
INFO: [filemgmt 56-3] Default IP Output Path : Could not find the directory 'C:/Users/aniru/OneDrive/Desktop/Verilog HDL/async_fifo_1/async_fifo_1.gen/sources_1'.
Scanning sources...
Finished scanning sources
INFO: [IP_Flow 19-234] Refreshing IP repositories
INFO: [IP_Flow 19-1704] No user IP repositories specified
INFO: [IP_Flow 19-2313] Loaded Vivado IP repository 'D:/Vivado/Vivado/2024.2/data/ip'.
update_compile_order -fileset sources_1
WARNING: [filemgmt 56-199] Attempt to get parsing info during refresh. "On-the-fly" syntax checking information may be incorrect. [C:\Users\aniru\OneDrive\Desktop\Verilog HDL\async_fifo_1\async_fifo_1.srcs\sources_1\new\FIFO_tb.v:]
WARNING: [filemgmt 56-199] Attempt to get parsing info during refresh. "On-the-fly" syntax checking information may be incorrect. [C:\Users\aniru\OneDrive\Desktop\Verilog HDL\async_fifo_1\async_fifo_1.srcs\sources_1\new\async_fifo_1.v:]
WARNING: [filemgmt 56-199] Attempt to get parsing info during refresh. "On-the-fly" syntax checking information may be incorrect. [C:\Users\aniru\OneDrive\Desktop\Verilog HDL\async_fifo_1\async_fifo_1.srcs\sources_1\new\async_fifo_1.v:]
WARNING: [filemgmt 56-199] Attempt to get parsing info during refresh. "On-the-fly" syntax checking information may be incorrect. [C:\Users\aniru\OneDrive\Desktop\Verilog HDL\async_fifo_1\async_fifo_1.srcs\sources_1\new\async_fifo_1.v:]
ERROR: [Common 17-180] Spawn failed: No error
WARNING: [filemgmt 56-199] Attempt to get parsing info during refresh. "On-the-fly" syntax checking information may be incorrect. [C:\Users\aniru\OneDrive\Desktop\Verilog HDL\async_fifo_1\async_fifo_1.srcs\sources_1\new\FIFO_tb.v:]
WARNING: [filemgmt 56-199] Attempt to get parsing info during refresh. "On-the-fly" syntax checking information may be incorrect. [C:\Users\aniru\OneDrive\Desktop\Verilog HDL\async_fifo_1\async_fifo_1.srcs\sources_1\new\async_fifo_1.v:]
WARNING: [filemgmt 56-199] Attempt to get parsing info during refresh. "On-the-fly" syntax checking information may be incorrect. [C:\Users\aniru\OneDrive\Desktop\Verilog HDL\async_fifo_1\async_fifo_1.srcs\sources_1\new\async_fifo_1.v:]
WARNING: [filemgmt 56-199] Attempt to get parsing info during refresh. "On-the-fly" syntax checking information may be incorrect. [C:\Users\aniru\OneDrive\Desktop\Verilog HDL\async_fifo_1\async_fifo_1.srcs\sources_1\new\async_fifo_1.v:]
ERROR: [Common 17-180] Spawn failed: No error
WARNING: [filemgmt 56-199] Attempt to get parsing info during refresh. "On-the-fly" syntax checking information may be incorrect. [C:\Users\aniru\OneDrive\Desktop\Verilog HDL\async_fifo_1\async_fifo_1.srcs\sources_1\new\FIFO_tb.v:]
WARNING: [filemgmt 56-199] Attempt to get parsing info during refresh. "On-the-fly" syntax checking information may be incorrect. [C:\Users\aniru\OneDrive\Desktop\Verilog HDL\async_fifo_1\async_fifo_1.srcs\sources_1\new\two_ff_sync.v:]
WARNING: [filemgmt 56-199] Attempt to get parsing info during refresh. "On-the-fly" syntax checking information may be incorrect. [C:\Users\aniru\OneDrive\Desktop\Verilog HDL\async_fifo_1\async_fifo_1.srcs\sources_1\new\async_fifo_1.v:]
WARNING: [filemgmt 56-199] Attempt to get parsing info during refresh. "On-the-fly" syntax checking information may be incorrect. [C:\Users\aniru\OneDrive\Desktop\Verilog HDL\async_fifo_1\async_fifo_1.srcs\sources_1\new\async_fifo_1.v:]
WARNING: [filemgmt 56-199] Attempt to get parsing info during refresh. "On-the-fly" syntax checking information may be incorrect. [C:\Users\aniru\OneDrive\Desktop\Verilog HDL\async_fifo_1\async_fifo_1.srcs\sources_1\new\async_fifo_1.v:]
WARNING: [filemgmt 56-199] Attempt to get parsing info during refresh. "On-the-fly" syntax checking information may be incorrect. [C:\Users\aniru\OneDrive\Desktop\Verilog HDL\async_fifo_1\async_fifo_1.srcs\sources_1\new\FIFO_tb.v:]
WARNING: [filemgmt 56-199] Attempt to get parsing info during refresh. "On-the-fly" syntax checking information may be incorrect. [C:\Users\aniru\OneDrive\Desktop\Verilog HDL\async_fifo_1\async_fifo_1.srcs\sources_1\new\two_ff_sync.v:]
WARNING: [filemgmt 56-199] Attempt to get parsing info during refresh. "On-the-fly" syntax checking information may be incorrect. [C:\Users\aniru\OneDrive\Desktop\Verilog HDL\async_fifo_1\async_fifo_1.srcs\sources_1\new\async_fifo_1.v:]
WARNING: [filemgmt 56-199] Attempt to get parsing info during refresh. "On-the-fly" syntax checking information may be incorrect. [C:\Users\aniru\OneDrive\Desktop\Verilog HDL\async_fifo_1\async_fifo_1.srcs\sources_1\new\FIFO_tb.v:]
WARNING: [filemgmt 56-199] Attempt to get parsing info during refresh. "On-the-fly" syntax checking information may be incorrect. [C:\Users\aniru\OneDrive\Desktop\Verilog HDL\async_fifo_1\async_fifo_1.srcs\sources_1\new\FIFO_tb.v:]
WARNING: [filemgmt 56-199] Attempt to get parsing info during refresh. "On-the-fly" syntax checking information may be incorrect. [C:\Users\aniru\OneDrive\Desktop\Verilog HDL\async_fifo_1\async_fifo_1.srcs\sources_1\new\FIFO_tb.v:]
WARNING: [filemgmt 56-199] Attempt to get parsing info during refresh. "On-the-fly" syntax checking information may be incorrect. [C:\Users\aniru\OneDrive\Desktop\Verilog HDL\async_fifo_1\async_fifo_1.srcs\sources_1\new\two_ff_sync.v:]
WARNING: [filemgmt 56-199] Attempt to get parsing info during refresh. "On-the-fly" syntax checking information may be incorrect. [C:\Users\aniru\OneDrive\Desktop\Verilog HDL\async_fifo_1\async_fifo_1.srcs\sources_1\new\async_fifo_1.v:]
WARNING: [filemgmt 56-199] Attempt to get parsing info during refresh. "On-the-fly" syntax checking information may be incorrect. [C:\Users\aniru\OneDrive\Desktop\Verilog HDL\async_fifo_1\async_fifo_1.srcs\sources_1\new\FIFO_memory.v:]
WARNING: [filemgmt 56-199] Attempt to get parsing info during refresh. "On-the-fly" syntax checking information may be incorrect. [C:\Users\aniru\OneDrive\Desktop\Verilog HDL\async_fifo_1\async_fifo_1.srcs\sources_1\new\FIFO_memory.v:]
WARNING: [filemgmt 56-199] Attempt to get parsing info during refresh. "On-the-fly" syntax checking information may be incorrect. [C:\Users\aniru\OneDrive\Desktop\Verilog HDL\async_fifo_1\async_fifo_1.srcs\sources_1\new\FIFO_memory.v:]
WARNING: [filemgmt 56-199] Attempt to get parsing info during refresh. "On-the-fly" syntax checking information may be incorrect. [C:\Users\aniru\OneDrive\Desktop\Verilog HDL\async_fifo_1\async_fifo_1.srcs\sources_1\new\FIFO_tb.v:]
WARNING: [filemgmt 56-199] Attempt to get parsing info during refresh. "On-the-fly" syntax checking information may be incorrect. [C:\Users\aniru\OneDrive\Desktop\Verilog HDL\async_fifo_1\async_fifo_1.srcs\sources_1\new\two_ff_sync.v:]
WARNING: [filemgmt 56-199] Attempt to get parsing info during refresh. "On-the-fly" syntax checking information may be incorrect. [C:\Users\aniru\OneDrive\Desktop\Verilog HDL\async_fifo_1\async_fifo_1.srcs\sources_1\new\async_fifo_1.v:]
WARNING: [filemgmt 56-199] Attempt to get parsing info during refresh. "On-the-fly" syntax checking information may be incorrect. [C:\Users\aniru\OneDrive\Desktop\Verilog HDL\async_fifo_1\async_fifo_1.srcs\sources_1\new\FIFO_memory.v:]
WARNING: [filemgmt 56-199] Attempt to get parsing info during refresh. "On-the-fly" syntax checking information may be incorrect. [C:\Users\aniru\OneDrive\Desktop\Verilog HDL\async_fifo_1\async_fifo_1.srcs\sources_1\new\two_ff_sync.v:]
WARNING: [filemgmt 56-199] Attempt to get parsing info during refresh. "On-the-fly" syntax checking information may be incorrect. [C:\Users\aniru\OneDrive\Desktop\Verilog HDL\async_fifo_1\async_fifo_1.srcs\sources_1\new\two_ff_sync.v:]
WARNING: [filemgmt 56-199] Attempt to get parsing info during refresh. "On-the-fly" syntax checking information may be incorrect. [C:\Users\aniru\OneDrive\Desktop\Verilog HDL\async_fifo_1\async_fifo_1.srcs\sources_1\new\FIFO_tb.v:]
WARNING: [filemgmt 56-199] Attempt to get parsing info during refresh. "On-the-fly" syntax checking information may be incorrect. [C:\Users\aniru\OneDrive\Desktop\Verilog HDL\async_fifo_1\async_fifo_1.srcs\sources_1\new\two_ff_sync.v:]
WARNING: [filemgmt 56-199] Attempt to get parsing info during refresh. "On-the-fly" syntax checking information may be incorrect. [C:\Users\aniru\OneDrive\Desktop\Verilog HDL\async_fifo_1\async_fifo_1.srcs\sources_1\new\async_fifo_1.v:]
WARNING: [filemgmt 56-199] Attempt to get parsing info during refresh. "On-the-fly" syntax checking information may be incorrect. [C:\Users\aniru\OneDrive\Desktop\Verilog HDL\async_fifo_1\async_fifo_1.srcs\sources_1\new\FIFO_memory.v:]
WARNING: [filemgmt 56-199] Attempt to get parsing info during refresh. "On-the-fly" syntax checking information may be incorrect. [C:\Users\aniru\OneDrive\Desktop\Verilog HDL\async_fifo_1\async_fifo_1.srcs\sources_1\new\async_fifo_1.v:]
WARNING: [filemgmt 56-199] Attempt to get parsing info during refresh. "On-the-fly" syntax checking information may be incorrect. [C:\Users\aniru\OneDrive\Desktop\Verilog HDL\async_fifo_1\async_fifo_1.srcs\sources_1\new\async_fifo_1.v:]
ERROR: [Common 17-180] Spawn failed: No error
WARNING: [filemgmt 56-199] Attempt to get parsing info during refresh. "On-the-fly" syntax checking information may be incorrect. [C:\Users\aniru\OneDrive\Desktop\Verilog HDL\async_fifo_1\async_fifo_1.srcs\sources_1\new\rptr_sync.v:]
WARNING: [filemgmt 56-199] Attempt to get parsing info during refresh. "On-the-fly" syntax checking information may be incorrect. [C:\Users\aniru\OneDrive\Desktop\Verilog HDL\async_fifo_1\async_fifo_1.srcs\sources_1\new\FIFO_tb.v:]
WARNING: [filemgmt 56-199] Attempt to get parsing info during refresh. "On-the-fly" syntax checking information may be incorrect. [C:\Users\aniru\OneDrive\Desktop\Verilog HDL\async_fifo_1\async_fifo_1.srcs\sources_1\new\two_ff_sync.v:]
WARNING: [filemgmt 56-199] Attempt to get parsing info during refresh. "On-the-fly" syntax checking information may be incorrect. [C:\Users\aniru\OneDrive\Desktop\Verilog HDL\async_fifo_1\async_fifo_1.srcs\sources_1\new\async_fifo_1.v:]
WARNING: [filemgmt 56-199] Attempt to get parsing info during refresh. "On-the-fly" syntax checking information may be incorrect. [C:\Users\aniru\OneDrive\Desktop\Verilog HDL\async_fifo_1\async_fifo_1.srcs\sources_1\new\FIFO_memory.v:]
WARNING: [filemgmt 56-199] Attempt to get parsing info during refresh. "On-the-fly" syntax checking information may be incorrect. [C:\Users\aniru\OneDrive\Desktop\Verilog HDL\async_fifo_1\async_fifo_1.srcs\sources_1\new\two_ff_sync.v:]
WARNING: [filemgmt 56-199] Attempt to get parsing info during refresh. "On-the-fly" syntax checking information may be incorrect. [C:\Users\aniru\OneDrive\Desktop\Verilog HDL\async_fifo_1\async_fifo_1.srcs\sources_1\new\two_ff_sync.v:]
WARNING: [filemgmt 56-199] Attempt to get parsing info during refresh. "On-the-fly" syntax checking information may be incorrect. [C:\Users\aniru\OneDrive\Desktop\Verilog HDL\async_fifo_1\async_fifo_1.srcs\sources_1\new\rptr_sync.v:]
WARNING: [filemgmt 56-199] Attempt to get parsing info during refresh. "On-the-fly" syntax checking information may be incorrect. [C:\Users\aniru\OneDrive\Desktop\Verilog HDL\async_fifo_1\async_fifo_1.srcs\sources_1\new\FIFO_tb.v:]
WARNING: [filemgmt 56-199] Attempt to get parsing info during refresh. "On-the-fly" syntax checking information may be incorrect. [C:\Users\aniru\OneDrive\Desktop\Verilog HDL\async_fifo_1\async_fifo_1.srcs\sources_1\new\two_ff_sync.v:]
WARNING: [filemgmt 56-199] Attempt to get parsing info during refresh. "On-the-fly" syntax checking information may be incorrect. [C:\Users\aniru\OneDrive\Desktop\Verilog HDL\async_fifo_1\async_fifo_1.srcs\sources_1\new\async_fifo_1.v:]
WARNING: [filemgmt 56-199] Attempt to get parsing info during refresh. "On-the-fly" syntax checking information may be incorrect. [C:\Users\aniru\OneDrive\Desktop\Verilog HDL\async_fifo_1\async_fifo_1.srcs\sources_1\new\FIFO_memory.v:]
WARNING: [filemgmt 56-199] Attempt to get parsing info during refresh. "On-the-fly" syntax checking information may be incorrect. [C:\Users\aniru\OneDrive\Desktop\Verilog HDL\async_fifo_1\async_fifo_1.srcs\sources_1\new\async_fifo_1.v:]
WARNING: [filemgmt 56-199] Attempt to get parsing info during refresh. "On-the-fly" syntax checking information may be incorrect. [C:\Users\aniru\OneDrive\Desktop\Verilog HDL\async_fifo_1\async_fifo_1.srcs\sources_1\new\async_fifo_1.v:]
WARNING: [filemgmt 56-199] Attempt to get parsing info during refresh. "On-the-fly" syntax checking information may be incorrect. [C:\Users\aniru\OneDrive\Desktop\Verilog HDL\async_fifo_1\async_fifo_1.srcs\sources_1\new\rptr_sync.v:]
WARNING: [filemgmt 56-199] Attempt to get parsing info during refresh. "On-the-fly" syntax checking information may be incorrect. [C:\Users\aniru\OneDrive\Desktop\Verilog HDL\async_fifo_1\async_fifo_1.srcs\sources_1\new\FIFO_tb.v:]
WARNING: [filemgmt 56-199] Attempt to get parsing info during refresh. "On-the-fly" syntax checking information may be incorrect. [C:\Users\aniru\OneDrive\Desktop\Verilog HDL\async_fifo_1\async_fifo_1.srcs\sources_1\new\two_ff_sync.v:]
WARNING: [filemgmt 56-199] Attempt to get parsing info during refresh. "On-the-fly" syntax checking information may be incorrect. [C:\Users\aniru\OneDrive\Desktop\Verilog HDL\async_fifo_1\async_fifo_1.srcs\sources_1\new\async_fifo_1.v:]
WARNING: [filemgmt 56-199] Attempt to get parsing info during refresh. "On-the-fly" syntax checking information may be incorrect. [C:\Users\aniru\OneDrive\Desktop\Verilog HDL\async_fifo_1\async_fifo_1.srcs\sources_1\new\FIFO_memory.v:]
WARNING: [filemgmt 56-199] Attempt to get parsing info during refresh. "On-the-fly" syntax checking information may be incorrect. [C:\Users\aniru\OneDrive\Desktop\Verilog HDL\async_fifo_1\async_fifo_1.srcs\sources_1\new\rptr_sync.v:]
WARNING: [filemgmt 56-199] Attempt to get parsing info during refresh. "On-the-fly" syntax checking information may be incorrect. [C:\Users\aniru\OneDrive\Desktop\Verilog HDL\async_fifo_1\async_fifo_1.srcs\sources_1\new\rptr_sync.v:]
ERROR: [Common 17-180] Spawn failed: No error
WARNING: [filemgmt 56-199] Attempt to get parsing info during refresh. "On-the-fly" syntax checking information may be incorrect. [C:\Users\aniru\OneDrive\Desktop\Verilog HDL\async_fifo_1\async_fifo_1.srcs\sources_1\new\rptr_sync.v:]
WARNING: [filemgmt 56-199] Attempt to get parsing info during refresh. "On-the-fly" syntax checking information may be incorrect. [C:\Users\aniru\OneDrive\Desktop\Verilog HDL\async_fifo_1\async_fifo_1.srcs\sources_1\new\FIFO_tb.v:]
WARNING: [filemgmt 56-199] Attempt to get parsing info during refresh. "On-the-fly" syntax checking information may be incorrect. [C:\Users\aniru\OneDrive\Desktop\Verilog HDL\async_fifo_1\async_fifo_1.srcs\sources_1\new\two_ff_sync.v:]
WARNING: [filemgmt 56-199] Attempt to get parsing info during refresh. "On-the-fly" syntax checking information may be incorrect. [C:\Users\aniru\OneDrive\Desktop\Verilog HDL\async_fifo_1\async_fifo_1.srcs\sources_1\new\async_fifo_1.v:]
WARNING: [filemgmt 56-199] Attempt to get parsing info during refresh. "On-the-fly" syntax checking information may be incorrect. [C:\Users\aniru\OneDrive\Desktop\Verilog HDL\async_fifo_1\async_fifo_1.srcs\sources_1\new\FIFO_memory.v:]
WARNING: [filemgmt 56-199] Attempt to get parsing info during refresh. "On-the-fly" syntax checking information may be incorrect. [C:\Users\aniru\OneDrive\Desktop\Verilog HDL\async_fifo_1\async_fifo_1.srcs\sources_1\new\FIFO_tb.v:]
WARNING: [filemgmt 56-199] Attempt to get parsing info during refresh. "On-the-fly" syntax checking information may be incorrect. [C:\Users\aniru\OneDrive\Desktop\Verilog HDL\async_fifo_1\async_fifo_1.srcs\sources_1\new\FIFO_tb.v:]
ERROR: [Common 17-180] Spawn failed: No error
WARNING: [filemgmt 56-199] Attempt to get parsing info during refresh. "On-the-fly" syntax checking information may be incorrect. [C:\Users\aniru\OneDrive\Desktop\Verilog HDL\async_fifo_1\async_fifo_1.srcs\sources_1\new\rptr_sync.v:]
WARNING: [filemgmt 56-199] Attempt to get parsing info during refresh. "On-the-fly" syntax checking information may be incorrect. [C:\Users\aniru\OneDrive\Desktop\Verilog HDL\async_fifo_1\async_fifo_1.srcs\sources_1\new\FIFO_tb.v:]
WARNING: [filemgmt 56-199] Attempt to get parsing info during refresh. "On-the-fly" syntax checking information may be incorrect. [C:\Users\aniru\OneDrive\Desktop\Verilog HDL\async_fifo_1\async_fifo_1.srcs\sources_1\new\wptr_full.v:]
WARNING: [filemgmt 56-199] Attempt to get parsing info during refresh. "On-the-fly" syntax checking information may be incorrect. [C:\Users\aniru\OneDrive\Desktop\Verilog HDL\async_fifo_1\async_fifo_1.srcs\sources_1\new\two_ff_sync.v:]
WARNING: [filemgmt 56-199] Attempt to get parsing info during refresh. "On-the-fly" syntax checking information may be incorrect. [C:\Users\aniru\OneDrive\Desktop\Verilog HDL\async_fifo_1\async_fifo_1.srcs\sources_1\new\async_fifo_1.v:]
WARNING: [filemgmt 56-199] Attempt to get parsing info during refresh. "On-the-fly" syntax checking information may be incorrect. [C:\Users\aniru\OneDrive\Desktop\Verilog HDL\async_fifo_1\async_fifo_1.srcs\sources_1\new\FIFO_memory.v:]
WARNING: [filemgmt 56-199] Attempt to get parsing info during refresh. "On-the-fly" syntax checking information may be incorrect. [C:\Users\aniru\OneDrive\Desktop\Verilog HDL\async_fifo_1\async_fifo_1.srcs\sources_1\new\two_ff_sync.v:]
WARNING: [filemgmt 56-199] Attempt to get parsing info during refresh. "On-the-fly" syntax checking information may be incorrect. [C:\Users\aniru\OneDrive\Desktop\Verilog HDL\async_fifo_1\async_fifo_1.srcs\sources_1\new\two_ff_sync.v:]
WARNING: [filemgmt 56-199] Attempt to get parsing info during refresh. "On-the-fly" syntax checking information may be incorrect. [C:\Users\aniru\OneDrive\Desktop\Verilog HDL\async_fifo_1\async_fifo_1.srcs\sources_1\new\rptr_sync.v:]
WARNING: [filemgmt 56-199] Attempt to get parsing info during refresh. "On-the-fly" syntax checking information may be incorrect. [C:\Users\aniru\OneDrive\Desktop\Verilog HDL\async_fifo_1\async_fifo_1.srcs\sources_1\new\FIFO_tb.v:]
WARNING: [filemgmt 56-199] Attempt to get parsing info during refresh. "On-the-fly" syntax checking information may be incorrect. [C:\Users\aniru\OneDrive\Desktop\Verilog HDL\async_fifo_1\async_fifo_1.srcs\sources_1\new\wptr_full.v:]
WARNING: [filemgmt 56-199] Attempt to get parsing info during refresh. "On-the-fly" syntax checking information may be incorrect. [C:\Users\aniru\OneDrive\Desktop\Verilog HDL\async_fifo_1\async_fifo_1.srcs\sources_1\new\two_ff_sync.v:]
WARNING: [filemgmt 56-199] Attempt to get parsing info during refresh. "On-the-fly" syntax checking information may be incorrect. [C:\Users\aniru\OneDrive\Desktop\Verilog HDL\async_fifo_1\async_fifo_1.srcs\sources_1\new\async_fifo_1.v:]
WARNING: [filemgmt 56-199] Attempt to get parsing info during refresh. "On-the-fly" syntax checking information may be incorrect. [C:\Users\aniru\OneDrive\Desktop\Verilog HDL\async_fifo_1\async_fifo_1.srcs\sources_1\new\FIFO_memory.v:]
WARNING: [filemgmt 56-199] Attempt to get parsing info during refresh. "On-the-fly" syntax checking information may be incorrect. [C:\Users\aniru\OneDrive\Desktop\Verilog HDL\async_fifo_1\async_fifo_1.srcs\sources_1\new\async_fifo_1.v:]
WARNING: [filemgmt 56-199] Attempt to get parsing info during refresh. "On-the-fly" syntax checking information may be incorrect. [C:\Users\aniru\OneDrive\Desktop\Verilog HDL\async_fifo_1\async_fifo_1.srcs\sources_1\new\async_fifo_1.v:]
WARNING: [filemgmt 56-199] Attempt to get parsing info during refresh. "On-the-fly" syntax checking information may be incorrect. [C:\Users\aniru\OneDrive\Desktop\Verilog HDL\async_fifo_1\async_fifo_1.srcs\sources_1\new\rptr_sync.v:]
WARNING: [filemgmt 56-199] Attempt to get parsing info during refresh. "On-the-fly" syntax checking information may be incorrect. [C:\Users\aniru\OneDrive\Desktop\Verilog HDL\async_fifo_1\async_fifo_1.srcs\sources_1\new\FIFO_tb.v:]
WARNING: [filemgmt 56-199] Attempt to get parsing info during refresh. "On-the-fly" syntax checking information may be incorrect. [C:\Users\aniru\OneDrive\Desktop\Verilog HDL\async_fifo_1\async_fifo_1.srcs\sources_1\new\wptr_full.v:]
WARNING: [filemgmt 56-199] Attempt to get parsing info during refresh. "On-the-fly" syntax checking information may be incorrect. [C:\Users\aniru\OneDrive\Desktop\Verilog HDL\async_fifo_1\async_fifo_1.srcs\sources_1\new\two_ff_sync.v:]
WARNING: [filemgmt 56-199] Attempt to get parsing info during refresh. "On-the-fly" syntax checking information may be incorrect. [C:\Users\aniru\OneDrive\Desktop\Verilog HDL\async_fifo_1\async_fifo_1.srcs\sources_1\new\async_fifo_1.v:]
WARNING: [filemgmt 56-199] Attempt to get parsing info during refresh. "On-the-fly" syntax checking information may be incorrect. [C:\Users\aniru\OneDrive\Desktop\Verilog HDL\async_fifo_1\async_fifo_1.srcs\sources_1\new\FIFO_memory.v:]
WARNING: [filemgmt 56-199] Attempt to get parsing info during refresh. "On-the-fly" syntax checking information may be incorrect. [C:\Users\aniru\OneDrive\Desktop\Verilog HDL\async_fifo_1\async_fifo_1.srcs\sources_1\new\wptr_full.v:]
WARNING: [filemgmt 56-199] Attempt to get parsing info during refresh. "On-the-fly" syntax checking information may be incorrect. [C:\Users\aniru\OneDrive\Desktop\Verilog HDL\async_fifo_1\async_fifo_1.srcs\sources_1\new\wptr_full.v:]
WARNING: [filemgmt 56-199] Attempt to get parsing info during refresh. "On-the-fly" syntax checking information may be incorrect. [C:\Users\aniru\OneDrive\Desktop\Verilog HDL\async_fifo_1\async_fifo_1.srcs\sources_1\new\rptr_sync.v:]
WARNING: [filemgmt 56-199] Attempt to get parsing info during refresh. "On-the-fly" syntax checking information may be incorrect. [C:\Users\aniru\OneDrive\Desktop\Verilog HDL\async_fifo_1\async_fifo_1.srcs\sources_1\new\FIFO_tb.v:]
WARNING: [filemgmt 56-199] Attempt to get parsing info during refresh. "On-the-fly" syntax checking information may be incorrect. [C:\Users\aniru\OneDrive\Desktop\Verilog HDL\async_fifo_1\async_fifo_1.srcs\sources_1\new\wptr_full.v:]
WARNING: [filemgmt 56-199] Attempt to get parsing info during refresh. "On-the-fly" syntax checking information may be incorrect. [C:\Users\aniru\OneDrive\Desktop\Verilog HDL\async_fifo_1\async_fifo_1.srcs\sources_1\new\two_ff_sync.v:]
WARNING: [filemgmt 56-199] Attempt to get parsing info during refresh. "On-the-fly" syntax checking information may be incorrect. [C:\Users\aniru\OneDrive\Desktop\Verilog HDL\async_fifo_1\async_fifo_1.srcs\sources_1\new\async_fifo_1.v:]
WARNING: [filemgmt 56-199] Attempt to get parsing info during refresh. "On-the-fly" syntax checking information may be incorrect. [C:\Users\aniru\OneDrive\Desktop\Verilog HDL\async_fifo_1\async_fifo_1.srcs\sources_1\new\FIFO_memory.v:]
WARNING: [filemgmt 56-199] Attempt to get parsing info during refresh. "On-the-fly" syntax checking information may be incorrect. [C:\Users\aniru\OneDrive\Desktop\Verilog HDL\async_fifo_1\async_fifo_1.srcs\sources_1\new\rptr_sync.v:]
WARNING: [filemgmt 56-199] Attempt to get parsing info during refresh. "On-the-fly" syntax checking information may be incorrect. [C:\Users\aniru\OneDrive\Desktop\Verilog HDL\async_fifo_1\async_fifo_1.srcs\sources_1\new\rptr_sync.v:]
ERROR: [Common 17-180] Spawn failed: No error
ERROR: [Common 17-180] Spawn failed: No error
WARNING: [filemgmt 56-199] Attempt to get parsing info during refresh. "On-the-fly" syntax checking information may be incorrect. [C:\Users\aniru\OneDrive\Desktop\Verilog HDL\async_fifo_1\async_fifo_1.srcs\sources_1\new\rptr_sync.v:]
WARNING: [filemgmt 56-199] Attempt to get parsing info during refresh. "On-the-fly" syntax checking information may be incorrect. [C:\Users\aniru\OneDrive\Desktop\Verilog HDL\async_fifo_1\async_fifo_1.srcs\sources_1\new\FIFO_tb.v:]
launch_simulation
Command: launch_simulation 
INFO: [Vivado 12-12493] Simulation top is 'FIFO_tb'
WARNING: [Vivado 12-13340] Unable to auto find GCC executables from simulator install path! (path not set)
INFO: [Vivado 12-5682] Launching behavioral simulation in 'C:/Users/aniru/OneDrive/Desktop/Verilog HDL/async_fifo_1/async_fifo_1.sim/sim_1/behav/xsim'
INFO: [SIM-utils-51] Simulation object is 'sim_1'
INFO: [SIM-utils-72] Using boost library from 'D:/Vivado/Vivado/2024.2/tps/boost_1_72_0'
INFO: [SIM-utils-54] Inspecting design source files for 'FIFO_tb' in fileset 'sim_1'...
INFO: [USF-XSim-97] Finding global include files...
INFO: [USF-XSim-98] Fetching design files from 'sim_1'...
INFO: [USF-XSim-2] XSim::Compile design
INFO: [USF-XSim-61] Executing 'COMPILE and ANALYZE' step in 'C:/Users/aniru/OneDrive/Desktop/Verilog HDL/async_fifo_1/async_fifo_1.sim/sim_1/behav/xsim'
"xvlog --incr --relax -prj FIFO_tb_vlog.prj"
INFO: [VRFC 10-2263] Analyzing Verilog file "C:/Users/aniru/OneDrive/Desktop/Verilog HDL/async_fifo_1/async_fifo_1.srcs/sources_1/new/FIFO_memory.v" into library xil_defaultlib
INFO: [VRFC 10-311] analyzing module FIFO_memory
INFO: [VRFC 10-2263] Analyzing Verilog file "C:/Users/aniru/OneDrive/Desktop/Verilog HDL/async_fifo_1/async_fifo_1.srcs/sources_1/new/async_fifo_1.v" into library xil_defaultlib
INFO: [VRFC 10-311] analyzing module async_fifo_1
INFO: [VRFC 10-2263] Analyzing Verilog file "C:/Users/aniru/OneDrive/Desktop/Verilog HDL/async_fifo_1/async_fifo_1.srcs/sources_1/new/rptr_sync.v" into library xil_defaultlib
INFO: [VRFC 10-311] analyzing module rptr_empty
INFO: [VRFC 10-2263] Analyzing Verilog file "C:/Users/aniru/OneDrive/Desktop/Verilog HDL/async_fifo_1/async_fifo_1.srcs/sources_1/new/two_ff_sync.v" into library xil_defaultlib
INFO: [VRFC 10-311] analyzing module two_ff_sync
INFO: [VRFC 10-2263] Analyzing Verilog file "C:/Users/aniru/OneDrive/Desktop/Verilog HDL/async_fifo_1/async_fifo_1.srcs/sources_1/new/wptr_full.v" into library xil_defaultlib
INFO: [VRFC 10-311] analyzing module wptr_full
INFO: [VRFC 10-2263] Analyzing Verilog file "C:/Users/aniru/OneDrive/Desktop/Verilog HDL/async_fifo_1/async_fifo_1.srcs/sources_1/new/FIFO_tb.v" into library xil_defaultlib
INFO: [VRFC 10-311] analyzing module FIFO_tb
INFO: [USF-XSim-69] 'compile' step finished in '2' seconds
INFO: [USF-XSim-3] XSim::Elaborate design
INFO: [USF-XSim-61] Executing 'ELABORATE' step in 'C:/Users/aniru/OneDrive/Desktop/Verilog HDL/async_fifo_1/async_fifo_1.sim/sim_1/behav/xsim'
"xelab --incr --debug typical --relax --mt 2 -L xil_defaultlib -L unisims_ver -L unimacro_ver -L secureip --snapshot FIFO_tb_behav xil_defaultlib.FIFO_tb xil_defaultlib.glbl -log elaborate.log"
Vivado Simulator v2024.2.0
Copyright 1986-2022 Xilinx, Inc. All Rights Reserved.
Copyright 2022-2024 Advanced Micro Devices, Inc. All Rights Reserved.
Running: D:/Vivado/Vivado/2024.2/bin/unwrapped/win64.o/xelab.exe --incr --debug typical --relax --mt 2 -L xil_defaultlib -L unisims_ver -L unimacro_ver -L secureip --snapshot FIFO_tb_behav xil_defaultlib.FIFO_tb xil_defaultlib.glbl -log elaborate.log 
Using 2 slave threads.
Starting static elaboration
Pass Through NonSizing Optimizer
Completed static elaboration
Starting simulation data flow analysis
WARNING: [XSIM 43-4099] "C:/Users/aniru/OneDrive/Desktop/Verilog HDL/async_fifo_1/async_fifo_1.srcs/sources_1/new/async_fifo_1.v" Line 3. Module async_fifo_1 doesn't have a timescale but at least one module in design has a timescale.
WARNING: [XSIM 43-4099] "C:/Users/aniru/OneDrive/Desktop/Verilog HDL/async_fifo_1/async_fifo_1.srcs/sources_1/new/two_ff_sync.v" Line 3. Module two_ff_sync(SIZE=5) doesn't have a timescale but at least one module in design has a timescale.
WARNING: [XSIM 43-4099] "C:/Users/aniru/OneDrive/Desktop/Verilog HDL/async_fifo_1/async_fifo_1.srcs/sources_1/new/two_ff_sync.v" Line 3. Module two_ff_sync(SIZE=5) doesn't have a timescale but at least one module in design has a timescale.
WARNING: [XSIM 43-4099] "C:/Users/aniru/OneDrive/Desktop/Verilog HDL/async_fifo_1/async_fifo_1.srcs/sources_1/new/FIFO_memory.v" Line 2. Module FIFO_memory_default doesn't have a timescale but at least one module in design has a timescale.
WARNING: [XSIM 43-4099] "C:/Users/aniru/OneDrive/Desktop/Verilog HDL/async_fifo_1/async_fifo_1.srcs/sources_1/new/rptr_sync.v" Line 3. Module rptr_empty doesn't have a timescale but at least one module in design has a timescale.
WARNING: [XSIM 43-4099] "C:/Users/aniru/OneDrive/Desktop/Verilog HDL/async_fifo_1/async_fifo_1.srcs/sources_1/new/wptr_full.v" Line 2. Module wptr_full doesn't have a timescale but at least one module in design has a timescale.
WARNING: [XSIM 43-4099] "C:/Users/aniru/OneDrive/Desktop/Verilog HDL/async_fifo_1/async_fifo_1.srcs/sources_1/new/async_fifo_1.v" Line 3. Module async_fifo_1 doesn't have a timescale but at least one module in design has a timescale.
WARNING: [XSIM 43-4099] "C:/Users/aniru/OneDrive/Desktop/Verilog HDL/async_fifo_1/async_fifo_1.srcs/sources_1/new/two_ff_sync.v" Line 3. Module two_ff_sync(SIZE=5) doesn't have a timescale but at least one module in design has a timescale.
WARNING: [XSIM 43-4099] "C:/Users/aniru/OneDrive/Desktop/Verilog HDL/async_fifo_1/async_fifo_1.srcs/sources_1/new/two_ff_sync.v" Line 3. Module two_ff_sync(SIZE=5) doesn't have a timescale but at least one module in design has a timescale.
WARNING: [XSIM 43-4099] "C:/Users/aniru/OneDrive/Desktop/Verilog HDL/async_fifo_1/async_fifo_1.srcs/sources_1/new/FIFO_memory.v" Line 2. Module FIFO_memory_default doesn't have a timescale but at least one module in design has a timescale.
WARNING: [XSIM 43-4099] "C:/Users/aniru/OneDrive/Desktop/Verilog HDL/async_fifo_1/async_fifo_1.srcs/sources_1/new/rptr_sync.v" Line 3. Module rptr_empty doesn't have a timescale but at least one module in design has a timescale.
WARNING: [XSIM 43-4099] "C:/Users/aniru/OneDrive/Desktop/Verilog HDL/async_fifo_1/async_fifo_1.srcs/sources_1/new/wptr_full.v" Line 2. Module wptr_full doesn't have a timescale but at least one module in design has a timescale.
Completed simulation data flow analysis
Time Resolution for simulation is 1ps
Compiling module xil_defaultlib.two_ff_sync(SIZE=5)
Compiling module xil_defaultlib.FIFO_memory_default
Compiling module xil_defaultlib.rptr_empty
Compiling module xil_defaultlib.wptr_full
Compiling module xil_defaultlib.async_fifo_1
Compiling module xil_defaultlib.FIFO_tb
Compiling module xil_defaultlib.glbl
Built simulation snapshot FIFO_tb_behav
INFO: [USF-XSim-69] 'elaborate' step finished in '3' seconds
INFO: [USF-XSim-4] XSim::Simulate design
INFO: [USF-XSim-61] Executing 'SIMULATE' step in 'C:/Users/aniru/OneDrive/Desktop/Verilog HDL/async_fifo_1/async_fifo_1.sim/sim_1/behav/xsim'
INFO: [USF-XSim-98] *** Running xsim
   with args "FIFO_tb_behav -key {Behavioral:sim_1:Functional:FIFO_tb} -tclbatch {FIFO_tb.tcl} -log {simulate.log}"
INFO: [USF-XSim-8] Loading simulator feature
Time resolution is 1 ps
source FIFO_tb.tcl
# set curr_wave [current_wave_config]
# if { [string length $curr_wave] == 0 } {
#   if { [llength [get_objects]] > 0} {
#     add_wave /
#     set_property needs_save false [current_wave_config]
#   } else {
#      send_msg_id Add_Wave-1 WARNING "No top level signals found. Simulator will start without a wave window. If you want to open a wave window go to 'File->New Waveform Configuration' or type 'create_wave_config' in the TCL console."
#   }
# }
# run 1000ns
$finish called at time : 850 ns : File "C:/Users/aniru/OneDrive/Desktop/Verilog HDL/async_fifo_1/async_fifo_1.srcs/sources_1/new/FIFO_tb.v" Line 73
INFO: [USF-XSim-96] XSim completed. Design snapshot 'FIFO_tb_behav' loaded.
INFO: [USF-XSim-97] XSim simulation ran for 1000ns
launch_simulation: Time (s): cpu = 00:00:02 ; elapsed = 00:00:09 . Memory (MB): peak = 1224.605 ; gain = 27.348
save_wave_config {C:/Users/aniru/OneDrive/Desktop/Verilog HDL/async_fifo_1/FIFO_tb_behav.wcfg}
add_files -fileset sim_1 -norecurse {{C:/Users/aniru/OneDrive/Desktop/Verilog HDL/async_fifo_1/FIFO_tb_behav.wcfg}}
set_property xsim.view {{C:/Users/aniru/OneDrive/Desktop/Verilog HDL/async_fifo_1/FIFO_tb_behav.wcfg}} [get_filesets sim_1]
WARNING: [filemgmt 56-199] Attempt to get parsing info during refresh. "On-the-fly" syntax checking information may be incorrect. [C:\Users\aniru\OneDrive\Desktop\Verilog HDL\async_fifo_1\async_fifo_1.srcs\sources_1\new\rptr_sync.v:]
WARNING: [filemgmt 56-199] Attempt to get parsing info during refresh. "On-the-fly" syntax checking information may be incorrect. [C:\Users\aniru\OneDrive\Desktop\Verilog HDL\async_fifo_1\async_fifo_1.srcs\sources_1\new\FIFO_tb.v:]
WARNING: [filemgmt 56-199] Attempt to get parsing info during refresh. "On-the-fly" syntax checking information may be incorrect. [C:\Users\aniru\OneDrive\Desktop\Verilog HDL\async_fifo_1\async_fifo_1.srcs\sources_1\new\wptr_full.v:]
WARNING: [filemgmt 56-199] Attempt to get parsing info during refresh. "On-the-fly" syntax checking information may be incorrect. [C:\Users\aniru\OneDrive\Desktop\Verilog HDL\async_fifo_1\async_fifo_1.srcs\sources_1\new\two_ff_sync.v:]
WARNING: [filemgmt 56-199] Attempt to get parsing info during refresh. "On-the-fly" syntax checking information may be incorrect. [C:\Users\aniru\OneDrive\Desktop\Verilog HDL\async_fifo_1\async_fifo_1.srcs\sources_1\new\async_fifo_1.v:]
WARNING: [filemgmt 56-199] Attempt to get parsing info during refresh. "On-the-fly" syntax checking information may be incorrect. [C:\Users\aniru\OneDrive\Desktop\Verilog HDL\async_fifo_1\async_fifo_1.srcs\sources_1\new\FIFO_memory.v:]
WARNING: [filemgmt 56-199] Attempt to get parsing info during refresh. "On-the-fly" syntax checking information may be incorrect. [C:\Users\aniru\OneDrive\Desktop\Verilog HDL\async_fifo_1\async_fifo_1.srcs\sources_1\new\async_fifo_1.v:]
WARNING: [filemgmt 56-199] Attempt to get parsing info during refresh. "On-the-fly" syntax checking information may be incorrect. [C:\Users\aniru\OneDrive\Desktop\Verilog HDL\async_fifo_1\async_fifo_1.srcs\sources_1\new\async_fifo_1.v:]
WARNING: [filemgmt 56-199] Attempt to get parsing info during refresh. "On-the-fly" syntax checking information may be incorrect. [C:\Users\aniru\OneDrive\Desktop\Verilog HDL\async_fifo_1\async_fifo_1.srcs\sources_1\new\rptr_sync.v:]
WARNING: [filemgmt 56-199] Attempt to get parsing info during refresh. "On-the-fly" syntax checking information may be incorrect. [C:\Users\aniru\OneDrive\Desktop\Verilog HDL\async_fifo_1\async_fifo_1.srcs\sources_1\new\FIFO_tb.v:]
WARNING: [filemgmt 56-199] Attempt to get parsing info during refresh. "On-the-fly" syntax checking information may be incorrect. [C:\Users\aniru\OneDrive\Desktop\Verilog HDL\async_fifo_1\async_fifo_1.srcs\sources_1\new\wptr_full.v:]
WARNING: [filemgmt 56-199] Attempt to get parsing info during refresh. "On-the-fly" syntax checking information may be incorrect. [C:\Users\aniru\OneDrive\Desktop\Verilog HDL\async_fifo_1\async_fifo_1.srcs\sources_1\new\two_ff_sync.v:]
WARNING: [filemgmt 56-199] Attempt to get parsing info during refresh. "On-the-fly" syntax checking information may be incorrect. [C:\Users\aniru\OneDrive\Desktop\Verilog HDL\async_fifo_1\async_fifo_1.srcs\sources_1\new\async_fifo_1.v:]
WARNING: [filemgmt 56-199] Attempt to get parsing info during refresh. "On-the-fly" syntax checking information may be incorrect. [C:\Users\aniru\OneDrive\Desktop\Verilog HDL\async_fifo_1\async_fifo_1.srcs\sources_1\new\FIFO_memory.v:]
WARNING: [filemgmt 56-199] Attempt to get parsing info during refresh. "On-the-fly" syntax checking information may be incorrect. [C:\Users\aniru\OneDrive\Desktop\Verilog HDL\async_fifo_1\async_fifo_1.srcs\sources_1\new\FIFO_memory.v:]
WARNING: [filemgmt 56-199] Attempt to get parsing info during refresh. "On-the-fly" syntax checking information may be incorrect. [C:\Users\aniru\OneDrive\Desktop\Verilog HDL\async_fifo_1\async_fifo_1.srcs\sources_1\new\FIFO_memory.v:]
WARNING: [filemgmt 56-199] Attempt to get parsing info during refresh. "On-the-fly" syntax checking information may be incorrect. [C:\Users\aniru\OneDrive\Desktop\Verilog HDL\async_fifo_1\async_fifo_1.srcs\sources_1\new\rptr_sync.v:]
WARNING: [filemgmt 56-199] Attempt to get parsing info during refresh. "On-the-fly" syntax checking information may be incorrect. [C:\Users\aniru\OneDrive\Desktop\Verilog HDL\async_fifo_1\async_fifo_1.srcs\sources_1\new\FIFO_tb.v:]
WARNING: [filemgmt 56-199] Attempt to get parsing info during refresh. "On-the-fly" syntax checking information may be incorrect. [C:\Users\aniru\OneDrive\Desktop\Verilog HDL\async_fifo_1\async_fifo_1.srcs\sources_1\new\wptr_full.v:]
WARNING: [filemgmt 56-199] Attempt to get parsing info during refresh. "On-the-fly" syntax checking information may be incorrect. [C:\Users\aniru\OneDrive\Desktop\Verilog HDL\async_fifo_1\async_fifo_1.srcs\sources_1\new\two_ff_sync.v:]
WARNING: [filemgmt 56-199] Attempt to get parsing info during refresh. "On-the-fly" syntax checking information may be incorrect. [C:\Users\aniru\OneDrive\Desktop\Verilog HDL\async_fifo_1\async_fifo_1.srcs\sources_1\new\async_fifo_1.v:]
WARNING: [filemgmt 56-199] Attempt to get parsing info during refresh. "On-the-fly" syntax checking information may be incorrect. [C:\Users\aniru\OneDrive\Desktop\Verilog HDL\async_fifo_1\async_fifo_1.srcs\sources_1\new\FIFO_memory.v:]
WARNING: [filemgmt 56-199] Attempt to get parsing info during refresh. "On-the-fly" syntax checking information may be incorrect. [C:\Users\aniru\OneDrive\Desktop\Verilog HDL\async_fifo_1\async_fifo_1.srcs\sources_1\new\wptr_full.v:]
WARNING: [filemgmt 56-199] Attempt to get parsing info during refresh. "On-the-fly" syntax checking information may be incorrect. [C:\Users\aniru\OneDrive\Desktop\Verilog HDL\async_fifo_1\async_fifo_1.srcs\sources_1\new\wptr_full.v:]
WARNING: [filemgmt 56-199] Attempt to get parsing info during refresh. "On-the-fly" syntax checking information may be incorrect. [C:\Users\aniru\OneDrive\Desktop\Verilog HDL\async_fifo_1\async_fifo_1.srcs\sources_1\new\rptr_sync.v:]
WARNING: [filemgmt 56-199] Attempt to get parsing info during refresh. "On-the-fly" syntax checking information may be incorrect. [C:\Users\aniru\OneDrive\Desktop\Verilog HDL\async_fifo_1\async_fifo_1.srcs\sources_1\new\FIFO_tb.v:]
WARNING: [filemgmt 56-199] Attempt to get parsing info during refresh. "On-the-fly" syntax checking information may be incorrect. [C:\Users\aniru\OneDrive\Desktop\Verilog HDL\async_fifo_1\async_fifo_1.srcs\sources_1\new\wptr_full.v:]
WARNING: [filemgmt 56-199] Attempt to get parsing info during refresh. "On-the-fly" syntax checking information may be incorrect. [C:\Users\aniru\OneDrive\Desktop\Verilog HDL\async_fifo_1\async_fifo_1.srcs\sources_1\new\two_ff_sync.v:]
WARNING: [filemgmt 56-199] Attempt to get parsing info during refresh. "On-the-fly" syntax checking information may be incorrect. [C:\Users\aniru\OneDrive\Desktop\Verilog HDL\async_fifo_1\async_fifo_1.srcs\sources_1\new\async_fifo_1.v:]
WARNING: [filemgmt 56-199] Attempt to get parsing info during refresh. "On-the-fly" syntax checking information may be incorrect. [C:\Users\aniru\OneDrive\Desktop\Verilog HDL\async_fifo_1\async_fifo_1.srcs\sources_1\new\FIFO_memory.v:]
WARNING: [filemgmt 56-199] Attempt to get parsing info during refresh. "On-the-fly" syntax checking information may be incorrect. [C:\Users\aniru\OneDrive\Desktop\Verilog HDL\async_fifo_1\async_fifo_1.srcs\sources_1\new\two_ff_sync.v:]
WARNING: [filemgmt 56-199] Attempt to get parsing info during refresh. "On-the-fly" syntax checking information may be incorrect. [C:\Users\aniru\OneDrive\Desktop\Verilog HDL\async_fifo_1\async_fifo_1.srcs\sources_1\new\two_ff_sync.v:]
ERROR: [Common 17-180] Spawn failed: No error
WARNING: [filemgmt 56-199] Attempt to get parsing info during refresh. "On-the-fly" syntax checking information may be incorrect. [C:\Users\aniru\OneDrive\Desktop\Verilog HDL\async_fifo_1\async_fifo_1.srcs\sources_1\new\rptr_sync.v:]
WARNING: [filemgmt 56-199] Attempt to get parsing info during refresh. "On-the-fly" syntax checking information may be incorrect. [C:\Users\aniru\OneDrive\Desktop\Verilog HDL\async_fifo_1\async_fifo_1.srcs\sources_1\new\FIFO_tb.v:]
WARNING: [filemgmt 56-199] Attempt to get parsing info during refresh. "On-the-fly" syntax checking information may be incorrect. [C:\Users\aniru\OneDrive\Desktop\Verilog HDL\async_fifo_1\async_fifo_1.srcs\sources_1\new\wptr_full.v:]
WARNING: [filemgmt 56-199] Attempt to get parsing info during refresh. "On-the-fly" syntax checking information may be incorrect. [C:\Users\aniru\OneDrive\Desktop\Verilog HDL\async_fifo_1\async_fifo_1.srcs\sources_1\new\two_ff_sync.v:]
WARNING: [filemgmt 56-199] Attempt to get parsing info during refresh. "On-the-fly" syntax checking information may be incorrect. [C:\Users\aniru\OneDrive\Desktop\Verilog HDL\async_fifo_1\async_fifo_1.srcs\sources_1\new\async_fifo_1.v:]
WARNING: [filemgmt 56-199] Attempt to get parsing info during refresh. "On-the-fly" syntax checking information may be incorrect. [C:\Users\aniru\OneDrive\Desktop\Verilog HDL\async_fifo_1\async_fifo_1.srcs\sources_1\new\FIFO_memory.v:]
WARNING: [filemgmt 56-199] Attempt to get parsing info during refresh. "On-the-fly" syntax checking information may be incorrect. [C:\Users\aniru\OneDrive\Desktop\Verilog HDL\async_fifo_1\async_fifo_1.srcs\sources_1\new\FIFO_tb.v:]
WARNING: [filemgmt 56-199] Attempt to get parsing info during refresh. "On-the-fly" syntax checking information may be incorrect. [C:\Users\aniru\OneDrive\Desktop\Verilog HDL\async_fifo_1\async_fifo_1.srcs\sources_1\new\FIFO_tb.v:]
ERROR: [Common 17-180] Spawn failed: No error
close_sim
INFO: [Simtcl 6-16] Simulation closed
exit
INFO: [Common 17-206] Exiting Vivado at Mon Jan 13 11:18:08 2025...
